<?xml version="1.0" encoding="UTF-8"?>
<!-- Generated by org.testng.reporters.JUnitXMLReporter -->
<testsuite ignored="0" hostname="Nikolas-MacBook-Pro.local" failures="0" tests="3" name="User" time="43.18" errors="0" timestamp="2023-05-07T21:46:35 CEST">
  <testcase classname="testsWithLogin.LogoutTest" name="logout" time="1.037"/>
  <testcase classname="testsWithLogin.RemoveItemFromCartTest" name="removeItemFromCartTest" time="7.522"/>
  <testcase classname="testsWithLogin.BuyingItemTest" name="buyingItem" time="11.159"/>
</testsuite> <!-- User -->
